This is pdfTeX, Version 3.14159265-2.6-1.40.21 (MiKTeX 2.9.7400 64-bit) (preloaded format=pdflatex 2020.5.7)  18 AUG 2020 20:42
entering extended mode
**./User_guide.tex
(User_guide.tex
LaTeX2e <2020-02-02> patch level 5
L3 programming layer <2020-04-06>
("C:\Users\Robin\AppData\Local\Programs\MiKTeX 2.9\tex/latex/base\article.cls"
Document Class: article 2019/12/20 v1.4l Standard LaTeX document class
("C:\Users\Robin\AppData\Local\Programs\MiKTeX 2.9\tex/latex/base\size12.clo"
File: size12.clo 2019/12/20 v1.4l Standard LaTeX file (size option)
)
\c@part=\count167
\c@section=\count168
\c@subsection=\count169
\c@subsubsection=\count170
\c@paragraph=\count171
\c@subparagraph=\count172
\c@figure=\count173
\c@table=\count174
\abovecaptionskip=\skip47
\belowcaptionskip=\skip48
\bibindent=\dimen134
)
("C:\Users\Robin\AppData\Local\Programs\MiKTeX 2.9\tex/latex/tree-dvips\lingmac
ros.sty"
\c@enums=\count175
\widelabel=\dimen135
\c@tempcnt=\count176
\c@enumsi=\count177
\eeindent=\dimen136
)
("C:\Users\Robin\AppData\Local\Programs\MiKTeX 2.9\tex/latex/tree-dvips\tree-dv
ips.sty"
tree-dvips version .91 of May 16, 1995
\nodemargin=\dimen137
\treelinewidth=\dimen138
\dashlength=\dimen139
\arrowwidth=\dimen140
\arrowlength=\dimen141
\arrowinset=\dimen142
\pos@t=\toks15
\pos@b=\toks16
\pos@l=\toks17
\pos@r=\toks18
\pos@tl=\toks19
\pos@tr=\toks20
\pos@bl=\toks21
\pos@br=\toks22
\@arrow=\count178
\@tempdimc=\dimen143
)
("C:\Users\Robin\AppData\Local\Programs\MiKTeX 2.9\tex/latex/blindtext\blindtex
t.sty"
Package: blindtext 2012/01/06 V2.0 blindtext-Package

("C:\Users\Robin\AppData\Local\Programs\MiKTeX 2.9\tex/latex/tools\xspace.sty"
Package: xspace 2014/10/28 v1.13 Space after command names (DPC,MH)
)
\c@blindtext=\count179
\c@Blindtext=\count180
\c@blind@countparstart=\count181
\blind@countxx=\count182
\blindtext@numBlindtext=\count183
\blind@countyy=\count184
\c@blindlist=\count185
\c@blindlistlevel=\count186
\c@blindlist@level=\count187
\blind@listitem=\count188
\c@blind@listcount=\count189
\c@blind@levelcount=\count190
\blind@mathformula=\count191
\blind@Mathformula=\count192
\c@blind@randomcount=\count193
\c@blind@randommax=\count194
\c@blind@pangramcount=\count195
\c@blind@pangrammax=\count196
)
("C:\Users\Robin\AppData\Local\Programs\MiKTeX 2.9\tex/latex/enumitem\enumitem.
sty"
Package: enumitem 2019/06/20 v3.9 Customized lists
\enitkv@toks@=\toks23
\labelindent=\skip49
\enit@outerparindent=\dimen144
\enit@toks=\toks24
\enit@inbox=\box45
\enit@count@id=\count197
\enitdp@description=\count198
)
("C:\Users\Robin\AppData\Local\Programs\MiKTeX 2.9\tex/latex/placeins\placeins.
sty"
Package: placeins 2005/04/18  v 2.2
)
("C:\Users\Robin\AppData\Local\Programs\MiKTeX 2.9\tex/latex/xcolor\xcolor.sty"
Package: xcolor 2016/05/11 v2.12 LaTeX color extensions (UK)

("C:\Users\Robin\AppData\Local\Programs\MiKTeX 2.9\tex/latex/graphics-cfg\color
.cfg"
File: color.cfg 2016/01/02 v1.6 sample color configuration
)
Package xcolor Info: Driver file: pdftex.def on input line 225.

("C:\Users\Robin\AppData\Local\Programs\MiKTeX 2.9\tex/latex/graphics-def\pdfte
x.def"
File: pdftex.def 2018/01/08 v1.0l Graphics/color driver for pdftex
)
Package xcolor Info: Model `cmy' substituted by `cmy0' on input line 1348.
Package xcolor Info: Model `hsb' substituted by `rgb' on input line 1352.
Package xcolor Info: Model `RGB' extended on input line 1364.
Package xcolor Info: Model `HTML' substituted by `rgb' on input line 1366.
Package xcolor Info: Model `Hsb' substituted by `hsb' on input line 1367.
Package xcolor Info: Model `tHsb' substituted by `hsb' on input line 1368.
Package xcolor Info: Model `HSB' substituted by `hsb' on input line 1369.
Package xcolor Info: Model `Gray' substituted by `gray' on input line 1370.
Package xcolor Info: Model `wave' substituted by `hsb' on input line 1371.
)
("C:\Users\Robin\AppData\Local\Programs\MiKTeX 2.9\tex/latex/graphics\graphicx.
sty"
Package: graphicx 2019/11/30 v1.2a Enhanced LaTeX Graphics (DPC,SPQR)

("C:\Users\Robin\AppData\Local\Programs\MiKTeX 2.9\tex/latex/graphics\keyval.st
y"
Package: keyval 2014/10/28 v1.15 key=value parser (DPC)
\KV@toks@=\toks25
)
("C:\Users\Robin\AppData\Local\Programs\MiKTeX 2.9\tex/latex/graphics\graphics.
sty"
Package: graphics 2019/11/30 v1.4a Standard LaTeX Graphics (DPC,SPQR)

("C:\Users\Robin\AppData\Local\Programs\MiKTeX 2.9\tex/latex/graphics\trig.sty"
Package: trig 2016/01/03 v1.10 sin cos tan (DPC)
)
("C:\Users\Robin\AppData\Local\Programs\MiKTeX 2.9\tex/latex/graphics-cfg\graph
ics.cfg"
File: graphics.cfg 2016/06/04 v1.11 sample graphics configuration
)
Package graphics Info: Driver file: pdftex.def on input line 105.
)
\Gin@req@height=\dimen145
\Gin@req@width=\dimen146
)
("C:\Users\Robin\AppData\Local\Programs\MiKTeX 2.9\tex/latex/caption\caption.st
y"
Package: caption 2020/05/30 v3.4k Customizing captions (AR)

("C:\Users\Robin\AppData\Local\Programs\MiKTeX 2.9\tex/latex/caption\caption3.s
ty"
Package: caption3 2020/05/30 v1.12 caption3 kernel (AR)
Package caption3 Info: TeX engine: e-TeX on input line 61.
\captionmargin=\dimen147
\captionmargin@=\dimen148
\captionwidth=\dimen149
\caption@tempdima=\dimen150
\caption@indent=\dimen151
\caption@parindent=\dimen152
\caption@hangindent=\dimen153
Package caption Info: Standard document class detected.
)
\c@caption@flags=\count199
\c@continuedfloat=\count266
)
("C:\Users\Robin\AppData\Local\Programs\MiKTeX 2.9\tex/latex/l3backend\l3backen
d-pdfmode.def"
File: l3backend-pdfmode.def 2020-03-12 L3 backend support: PDF mode
\l__kernel_color_stack_int=\count267
\l__pdf_internal_box=\box46
) (User_guide.aux

LaTeX Warning: Label `fig:status' multiply defined.


LaTeX Warning: Label `fig:status' multiply defined.

)
\openout1 = `User_guide.aux'.

LaTeX Font Info:    Checking defaults for OML/cmm/m/it on input line 16.
LaTeX Font Info:    ... okay on input line 16.
LaTeX Font Info:    Checking defaults for OMS/cmsy/m/n on input line 16.
LaTeX Font Info:    ... okay on input line 16.
LaTeX Font Info:    Checking defaults for OT1/cmr/m/n on input line 16.
LaTeX Font Info:    ... okay on input line 16.
LaTeX Font Info:    Checking defaults for T1/cmr/m/n on input line 16.
LaTeX Font Info:    ... okay on input line 16.
LaTeX Font Info:    Checking defaults for TS1/cmr/m/n on input line 16.
LaTeX Font Info:    ... okay on input line 16.
LaTeX Font Info:    Checking defaults for OMX/cmex/m/n on input line 16.
LaTeX Font Info:    ... okay on input line 16.
LaTeX Font Info:    Checking defaults for U/cmr/m/n on input line 16.
LaTeX Font Info:    ... okay on input line 16.

("C:\Users\Robin\AppData\Local\Programs\MiKTeX 2.9\tex/context/base/mkii\supp-p
df.mkii"
[Loading MPS to PDF converter (version 2006.09.02).]
\scratchcounter=\count268
\scratchdimen=\dimen154
\scratchbox=\box47
\nofMPsegments=\count269
\nofMParguments=\count270
\everyMPshowfont=\toks26
\MPscratchCnt=\count271
\MPscratchDim=\dimen155
\MPnumerator=\count272
\makeMPintoPDFobject=\count273
\everyMPtoPDFconversion=\toks27
)
("C:\Users\Robin\AppData\Local\Programs\MiKTeX 2.9\tex/latex/epstopdf-pkg\epsto
pdf-base.sty"
Package: epstopdf-base 2020-01-24 v2.11 Base part for package epstopdf
Package epstopdf-base Info: Redefining graphics rule for `.eps' on input line 4
85.
)
Package caption Info: Begin \AtBeginDocument code.
Package caption Info: End \AtBeginDocument code.
LaTeX Font Info:    External font `cmex10' loaded for size
(Font)              <14.4> on input line 19.
LaTeX Font Info:    External font `cmex10' loaded for size
(Font)              <7> on input line 19.


LaTeX Warning: No \author given.

(User_guide.toc
LaTeX Font Info:    External font `cmex10' loaded for size
(Font)              <12> on input line 2.
LaTeX Font Info:    External font `cmex10' loaded for size
(Font)              <8> on input line 2.
LaTeX Font Info:    External font `cmex10' loaded for size
(Font)              <6> on input line 2.
)
\tf@toc=\write3
\openout3 = `User_guide.toc'.

 [1


Non-PDF special ignored!
<special> header=tree-dvips91.pro
{C:/Users/Robin/AppData/Local/MiKTeX/2.9/pdftex/config/pdftex.map}]
<./images/IMG_1094.jpg, id=8, 4047.12pt x 3035.34pt>
File: ./images/IMG_1094.jpg Graphic file (type jpg)
<use ./images/IMG_1094.jpg>
Package pdftex.def Info: ./images/IMG_1094.jpg  used on input line 47.
(pdftex.def)             Requested size: 202.36786pt x 151.7759pt.
<./images/IMG_11051.jpg, id=9, 615.7404pt x 321.3606pt>
File: ./images/IMG_11051.jpg Graphic file (type jpg)
<use ./images/IMG_11051.jpg>
Package pdftex.def Info: ./images/IMG_11051.jpg  used on input line 54.
(pdftex.def)             Requested size: 246.2918pt x 128.54195pt.
<./images/IMG_1109.jpg, id=10, 4047.12pt x 3035.34pt>
File: ./images/IMG_1109.jpg Graphic file (type jpg)
<use ./images/IMG_1109.jpg>
Package pdftex.def Info: ./images/IMG_1109.jpg  used on input line 61.
(pdftex.def)             Requested size: 202.36786pt x 151.7759pt.
<./images/IMG_1111.jpg, id=11, 4047.12pt x 3035.34pt>
File: ./images/IMG_1111.jpg Graphic file (type jpg)
<use ./images/IMG_1111.jpg>
Package pdftex.def Info: ./images/IMG_1111.jpg  used on input line 68.
(pdftex.def)             Requested size: 202.36786pt x 151.7759pt.
<./images/IMG_1113.jpg, id=12, 4047.12pt x 3035.34pt>
File: ./images/IMG_1113.jpg Graphic file (type jpg)
<use ./images/IMG_1113.jpg>
Package pdftex.def Info: ./images/IMG_1113.jpg  used on input line 74.
(pdftex.def)             Requested size: 202.36786pt x 151.7759pt.
 [2]
[3 <./images/IMG_1094.jpg> <./images/IMG_11051.jpg>] [4 <./images/IMG_1109.jpg>
 <./images/IMG_1111.jpg>] [5 <./images/IMG_1113.jpg>] [6

] [7]
<./images/setTime.png, id=33, 599.99156pt x 121.95563pt>
File: ./images/setTime.png Graphic file (type png)
<use ./images/setTime.png>
Package pdftex.def Info: ./images/setTime.png  used on input line 149.
(pdftex.def)             Requested size: 299.99504pt x 60.97765pt.
 [8 <./images/setTime.png>]
<./images/7Segment.png, id=39, 803.0pt x 1071.00125pt>
File: ./images/7Segment.png Graphic file (type png)
<use ./images/7Segment.png>
Package pdftex.def Info: ./images/7Segment.png  used on input line 165.
(pdftex.def)             Requested size: 80.3047pt x 107.1064pt.
 [9 <./images/7Segment.png>]
<./images/status.png, id=44, 577.40718pt x 106.14656pt>
File: ./images/status.png Graphic file (type png)
<use ./images/status.png>
Package pdftex.def Info: ./images/status.png  used on input line 197.
(pdftex.def)             Requested size: 288.70288pt x 53.07315pt.
 [10 <./images/status.png>] [11]
(User_guide.aux)

LaTeX Warning: There were multiply-defined labels.

 ) 
Here is how much of TeX's memory you used:
 3490 strings out of 480930
 56240 string characters out of 2899762
 301965 words of memory out of 3000000
 19360 multiletter control sequences out of 15000+200000
 537807 words of font info for 42 fonts, out of 3000000 for 9000
 1141 hyphenation exceptions out of 8191
 38i,9n,43p,640b,282s stack positions out of 5000i,500n,10000p,200000b,50000s
<C:/Users/Robin/AppData/Local/Programs/MiKTeX 2.9/fonts/type1/public/amsfonts
/cm/cmbx12.pfb><C:/Users/Robin/AppData/Local/Programs/MiKTeX 2.9/fonts/type1/pu
blic/amsfonts/cm/cmr12.pfb><C:/Users/Robin/AppData/Local/Programs/MiKTeX 2.9/fo
nts/type1/public/amsfonts/cm/cmr17.pfb><C:/Users/Robin/AppData/Local/Programs/M
iKTeX 2.9/fonts/type1/public/amsfonts/cm/cmsy10.pfb>
Output written on User_guide.pdf (11 pages, 16381281 bytes).
PDF statistics:
 66 PDF objects out of 1000 (max. 8388607)
 0 named destinations out of 1000 (max. 500000)
 41 words of extra memory for PDF output out of 10000 (max. 10000000)

